[06:57:23] [ServerMain/INFO]: Environment: authHost='https://authserver.mojang.com', accountsHost='https://api.mojang.com', sessionHost='https://sessionserver.mojang.com', servicesHost='https://api.minecraftservices.com', name='PROD'
[06:57:26] [ServerMain/WARN]: Ambiguity between arguments [teleport, location] and [teleport, destination] with inputs: [0.1 -0.5 .9, 0 0 0]
[06:57:26] [ServerMain/WARN]: Ambiguity between arguments [teleport, location] and [teleport, targets] with inputs: [0.1 -0.5 .9, 0 0 0]
[06:57:26] [ServerMain/WARN]: Ambiguity between arguments [teleport, destination] and [teleport, targets] with inputs: [Player, 0123, @e, dd12be42-52a9-4a91-a8a1-11c01849e498]
[06:57:26] [ServerMain/WARN]: Ambiguity between arguments [teleport, targets] and [teleport, destination] with inputs: [Player, 0123, dd12be42-52a9-4a91-a8a1-11c01849e498]
[06:57:26] [ServerMain/WARN]: Ambiguity between arguments [teleport, targets, location] and [teleport, targets, destination] with inputs: [0.1 -0.5 .9, 0 0 0]
[06:57:27] [Worker-Main-2/INFO]: Loaded 7 recipes
[06:57:28] [Worker-Main-2/INFO]: Loaded 1141 advancements
[06:57:30] [Server thread/INFO]: Starting minecraft server version 1.18.2
[06:57:30] [Server thread/INFO]: Loading properties
[06:57:30] [Server thread/INFO]: Default game type: SURVIVAL
[06:57:30] [Server thread/INFO]: Generating keypair
[06:57:31] [Server thread/INFO]: Starting Minecraft server on *:25565
[06:57:31] [Server thread/INFO]: Using epoll channel type
[06:57:31] [Server thread/INFO]: Preparing level "world"
[06:57:38] [Server thread/INFO]: Preparing start region for dimension minecraft:overworld
[06:57:42] [Worker-Main-2/INFO]: Preparing spawn area: 0%
[06:57:42] [Worker-Main-2/INFO]: Preparing spawn area: 0%
[06:57:42] [Worker-Main-2/INFO]: Preparing spawn area: 0%
[06:57:42] [Worker-Main-2/INFO]: Preparing spawn area: 0%
[06:57:42] [Worker-Main-2/INFO]: Preparing spawn area: 0%
[06:57:42] [Worker-Main-2/INFO]: Preparing spawn area: 0%
[06:57:42] [Worker-Main-2/INFO]: Preparing spawn area: 0%
[06:57:42] [Worker-Main-2/INFO]: Preparing spawn area: 0%
[06:57:42] [Worker-Main-2/INFO]: Preparing spawn area: 0%
[06:57:43] [Worker-Main-2/INFO]: Preparing spawn area: 0%
[06:57:43] [Worker-Main-2/INFO]: Preparing spawn area: 0%
[06:57:44] [Worker-Main-2/INFO]: Preparing spawn area: 0%
[06:57:44] [Worker-Main-2/INFO]: Preparing spawn area: 0%
[06:57:45] [Worker-Main-2/INFO]: Preparing spawn area: 1%
[06:57:45] [Worker-Main-2/INFO]: Preparing spawn area: 4%
[06:57:46] [Worker-Main-2/INFO]: Preparing spawn area: 7%
[06:57:46] [Worker-Main-2/INFO]: Preparing spawn area: 8%
[06:57:47] [Worker-Main-2/INFO]: Preparing spawn area: 20%
[06:57:47] [Worker-Main-2/INFO]: Preparing spawn area: 36%
[06:57:48] [Worker-Main-2/INFO]: Preparing spawn area: 56%
[06:57:48] [Worker-Main-2/INFO]: Preparing spawn area: 77%
[06:57:49] [Worker-Main-2/INFO]: Preparing spawn area: 98%
[06:57:49] [Server thread/INFO]: Time elapsed: 10953 ms
[06:57:49] [Server thread/INFO]: Done (18.353s)! For help, type "help"
[06:57:53] [User Authenticator #1/INFO]: UUID of player piesOf314 is 59dc76a1-606d-44fe-b864-e420f1e3ff65
[06:57:53] [Server thread/INFO]: piesOf314[/160.39.5.167:58542] logged in with entity id 212 at (40.30000001192093, 87.0, 63.38574760735933)
[06:57:53] [Server thread/INFO]: piesOf314 joined the game
[06:58:09] [Server thread/INFO]: piesOf314 lost connection: Disconnected
[06:58:09] [Server thread/INFO]: piesOf314 left the game
[07:03:05] [User Authenticator #2/INFO]: UUID of player piesOf314 is 59dc76a1-606d-44fe-b864-e420f1e3ff65
[07:03:05] [Server thread/INFO]: piesOf314[/160.39.5.167:58768] logged in with entity id 275 at (40.31536897038232, 87.0, 62.61106834738375)
[07:03:05] [Server thread/INFO]: piesOf314 joined the game
[07:11:45] [Server thread/INFO]: piesOf314 lost connection: Disconnected
[07:11:45] [Server thread/INFO]: piesOf314 left the game
[12:32:21] [User Authenticator #3/INFO]: UUID of player Lien116 is 49058296-144f-4399-aac3-4ce7bf150ce6
[12:32:21] [Server thread/INFO]: Lien116[/114.36.221.160:8418] logged in with entity id 1203 at (6.5, 107.0, 7.5)
[12:32:21] [Server thread/INFO]: Lien116 joined the game
[12:34:05] [Server thread/INFO]: Lien116 was slain by Zombie
[12:35:47] [Server thread/INFO]: Lien116 has made the advancement [Monster Hunter]
[12:40:23] [Server thread/INFO]: Lien116 lost connection: Disconnected
[12:40:23] [Server thread/INFO]: Lien116 left the game
[14:53:24] [User Authenticator #4/INFO]: UUID of player piesOf314 is 59dc76a1-606d-44fe-b864-e420f1e3ff65
[14:53:24] [Server thread/INFO]: piesOf314[/160.39.5.167:52406] logged in with entity id 2393 at (40.69999998807907, 87.0, 63.3033800411081)
[14:53:24] [Server thread/INFO]: piesOf314 joined the game
[14:54:21] [Server thread/INFO]: piesOf314 lost connection: Disconnected
[14:54:21] [Server thread/INFO]: piesOf314 left the game
